{"numFailedTestSuites":0,"numFailedTests":0,"numPassedTestSuites":1,"numPassedTests":10,"numPendingTestSuites":0,"numPendingTests":0,"numRuntimeErrorTestSuites":0,"numTodoTests":0,"numTotalTestSuites":1,"numTotalTests":10,"openHandles":[],"snapshot":{"added":0,"didUpdate":false,"failure":false,"filesAdded":0,"filesRemoved":0,"filesRemovedList":[],"filesUnmatched":0,"filesUpdated":0,"matched":0,"total":0,"unchecked":0,"uncheckedKeysByFile":[],"unmatched":0,"updated":0},"startTime":1773298222850,"success":true,"testResults":[{"assertionResults":[{"ancestorTitles":["assignmentSlice","fetchAssignments"],"duration":3,"failing":false,"failureDetails":[],"failureMessages":[],"fullName":"assignmentSlice fetchAssignments 正常に手配データを取得できる","invocations":1,"location":null,"numPassingAsserts":4,"retryReasons":[],"startAt":1773298225648,"status":"passed","title":"正常に手配データを取得できる"},{"ancestorTitles":["assignmentSlice","fetchAssignments"],"duration":2,"failing":false,"failureDetails":[],"failureMessages":[],"fullName":"assignmentSlice fetchAssignments 取得失敗時にエラーログが出力され、状態が更新される","invocations":1,"location":null,"numPassingAsserts":3,"retryReasons":[],"startAt":1773298225652,"status":"passed","title":"取得失敗時にエラーログが出力され、状態が更新される"},{"ancestorTitles":["assignmentSlice","fetchAssignments"],"duration":1,"failing":false,"failureDetails":[],"failureMessages":[],"fullName":"assignmentSlice fetchAssignments 例外発生時にエラーログを出力する","invocations":1,"location":null,"numPassingAsserts":1,"retryReasons":[],"startAt":1773298225654,"status":"passed","title":"例外発生時にエラーログを出力する"},{"ancestorTitles":["assignmentSlice","addProject"],"duration":1,"failing":false,"failureDetails":[],"failureMessages":[],"fullName":"assignmentSlice addProject projectMasterIdがあり、workSchedulesがない場合、正常に割り当てを作成する","invocations":1,"location":null,"numPassingAsserts":3,"retryReasons":[],"startAt":1773298225655,"status":"passed","title":"projectMasterIdがあり、workSchedulesがない場合、正常に割り当てを作成する"},{"ancestorTitles":["assignmentSlice","addProject"],"duration":1,"failing":false,"failureDetails":[],"failureMessages":[],"fullName":"assignmentSlice addProject projectMasterIdがなく、新規マスター作成およびworkSchedules一括作成を行う","invocations":1,"location":null,"numPassingAsserts":5,"retryReasons":[],"startAt":1773298225656,"status":"passed","title":"projectMasterIdがなく、新規マスター作成およびworkSchedules一括作成を行う"},{"ancestorTitles":["assignmentSlice","updateProject"],"duration":1,"failing":false,"failureDetails":[],"failureMessages":[],"fullName":"assignmentSlice updateProject 正常に更新できる","invocations":1,"location":null,"numPassingAsserts":1,"retryReasons":[],"startAt":1773298225657,"status":"passed","title":"正常に更新できる"},{"ancestorTitles":["assignmentSlice","updateProject"],"duration":16,"failing":false,"failureDetails":[],"failureMessages":[],"fullName":"assignmentSlice updateProject 409 Conflictエラー時にConflictUpdateErrorをスローする","invocations":1,"location":null,"numPassingAsserts":2,"retryReasons":[],"startAt":1773298225658,"status":"passed","title":"409 Conflictエラー時にConflictUpdateErrorをスローする"},{"ancestorTitles":["assignmentSlice","deleteProject"],"duration":0,"failing":false,"failureDetails":[],"failureMessages":[],"fullName":"assignmentSlice deleteProject 正常に削除できる","invocations":1,"location":null,"numPassingAsserts":2,"retryReasons":[],"startAt":1773298225675,"status":"passed","title":"正常に削除できる"},{"ancestorTitles":["assignmentSlice","Other getters and setters"],"duration":1,"failing":false,"failureDetails":[],"failureMessages":[],"fullName":"assignmentSlice Other getters and setters getCalendarEvents, getProjects","invocations":1,"location":null,"numPassingAsserts":2,"retryReasons":[],"startAt":1773298225675,"status":"passed","title":"getCalendarEvents, getProjects"},{"ancestorTitles":["assignmentSlice","Other getters and setters"],"duration":0,"failing":false,"failureDetails":[],"failureMessages":[],"fullName":"assignmentSlice Other getters and setters upsertAssignment","invocations":1,"location":null,"numPassingAsserts":2,"retryReasons":[],"startAt":1773298225676,"status":"passed","title":"upsertAssignment"}],"endTime":1773298225678,"message":"","name":"C:\\Users\\yushink\\Desktop\\yusystem\\__tests__\\stores\\calendarSlices\\assignmentSlice.test.ts","startTime":1773298224463,"status":"passed","summary":""}],"wasInterrupted":false}
